<?xml version='1.0' encoding='UTF-8'?>
<testsuite hostname="chuan2025" name="todo.TodoManagerIntegrationSpec" tests="9" errors="0" failures="0" skipped="0" time="0.06" timestamp="2025-08-02T22:42:59">
          <properties>
[...]
</properties>
          <testcase classname="todo.TodoManagerIntegrationSpec" name="TodoManager should persist tasks to file and reload them" time="0.044">
                      
                    </testcase><testcase classname="todo.TodoManagerIntegrationSpec" name="TodoManager should handle empty file gracefully" time="0.002">
                      
                    </testcase><testcase classname="todo.TodoManagerIntegrationSpec" name="TodoManager should handle malformed file data gracefully" time="0.003">
                      
                    </testcase><testcase classname="todo.TodoManagerIntegrationSpec" name="TodoManager should preserve task IDs across restarts" time="0.001">
                      
                    </testcase><testcase classname="todo.TodoManagerIntegrationSpec" name="TodoManager should preserve timestamps across restarts" time="0.001">
                      
                    </testcase><testcase classname="todo.TodoManagerIntegrationSpec" name="TodoManager should handle special characters in file persistence" time="0.001">
                      
                    </testcase><testcase classname="todo.TodoManagerIntegrationSpec" name="TodoManager should maintain consistency after multiple operations and restarts" time="0.006">
                      
                    </testcase><testcase classname="todo.TodoManagerIntegrationSpec" name="TodoManager should handle concurrent access gracefully" time="0.001">
                      
                    </testcase><testcase classname="todo.TodoManagerIntegrationSpec" name="TodoManager should recover from corrupted file by starting fresh" time="0.001">
                      
                    </testcase>
          <system-out><![CDATA[]]></system-out>
          <system-err><![CDATA[]]></system-err>
        </testsuite>