<?xml version='1.0' encoding='UTF-8'?>
<testsuite hostname="chuan2025" name="todo.TodoManagerSpec" tests="19" errors="0" failures="0" skipped="0" time="0.04" timestamp="2025-08-03T00:38:36">
          <properties>
[...]
</properties>
          <testcase classname="todo.TodoManagerSpec" name="TodoManager should start with empty task list" time="0.001">
                      
                    </testcase><testcase classname="todo.TodoManagerSpec" name="TodoManager should add a task successfully" time="0.004">
                      
                    </testcase><testcase classname="todo.TodoManagerSpec" name="TodoManager should add multiple tasks" time="0.012">
                      
                    </testcase><testcase classname="todo.TodoManagerSpec" name="TodoManager should delete a task by full id" time="0.002">
                      
                    </testcase><testcase classname="todo.TodoManagerSpec" name="TodoManager should return false when deleting non-existent task" time="0.001">
                      
                    </testcase><testcase classname="todo.TodoManagerSpec" name="TodoManager should complete a task successfully" time="0.001">
                      
                    </testcase><testcase classname="todo.TodoManagerSpec" name="TodoManager should return None when completing non-existent task" time="0.001">
                      
                    </testcase><testcase classname="todo.TodoManagerSpec" name="TodoManager should mark a completed task as incomplete" time="0.001">
                      
                    </testcase><testcase classname="todo.TodoManagerSpec" name="TodoManager should return None when marking non-existent task as incomplete" time="0.0">
                      
                    </testcase><testcase classname="todo.TodoManagerSpec" name="TodoManager should list all tasks including completed ones" time="0.005">
                      
                    </testcase><testcase classname="todo.TodoManagerSpec" name="TodoManager should list only active tasks when requested" time="0.002">
                      
                    </testcase><testcase classname="todo.TodoManagerSpec" name="TodoManager should find task by full id" time="0.001">
                      
                    </testcase><testcase classname="todo.TodoManagerSpec" name="TodoManager should find task by partial id" time="0.0">
                      
                    </testcase><testcase classname="todo.TodoManagerSpec" name="TodoManager should return None when finding non-existent task" time="0.001">
                      
                    </testcase><testcase classname="todo.TodoManagerSpec" name="TodoManager should handle multiple tasks with similar id prefixes" time="0.001">
                      
                    </testcase><testcase classname="todo.TodoManagerSpec" name="TodoManager should maintain task order" time="0.001">
                      
                    </testcase><testcase classname="todo.TodoManagerSpec" name="TodoManager should handle empty description" time="0.001">
                      
                    </testcase><testcase classname="todo.TodoManagerSpec" name="TodoManager should handle special characters in description" time="0.001">
                      
                    </testcase><testcase classname="todo.TodoManagerSpec" name="TodoManager should persist state across multiple operations" time="0.004">
                      
                    </testcase>
          <system-out><![CDATA[]]></system-out>
          <system-err><![CDATA[]]></system-err>
        </testsuite>